This file contains any messages produced by compilers while
running configure, to aid debugging if configure makes a mistake.

It was created by configure, which was
generated by GNU Autoconf 2.61.  Invocation command line was

  $ ./configure --enable-iphone --host=arm-apple-darwin --disable-oss --disable-esd --prefix=/Users/rose/local/mikmod-iphone AR=/Developer/Platforms/iPhoneOS.platform/Developer/usr/bin/ar CPP=/Developer/Platforms/iPhoneOS.platform/Developer/usr/bin/cpp CFLAGS=-arch armv6 -pipe -std=c99 -isysroot /Developer/Platforms/iPhoneOS.platform/Developer/SDKs/iPhoneOS2.0.sdk

## --------- ##
## Platform. ##
## --------- ##

hostname = ProMonkie.local
uname -m = i386
uname -r = 9.4.0
uname -s = Darwin
uname -v = Darwin Kernel Version 9.4.0: Mon Jun  9 19:30:53 PDT 2008; root:xnu-1228.5.20~1/RELEASE_I386

/usr/bin/uname -p = i386
/bin/uname -X     = unknown

/bin/arch              = unknown
/usr/bin/arch -k       = unknown
/usr/convex/getsysinfo = unknown
/usr/bin/hostinfo      = Mach kernel version:
	 Darwin Kernel Version 9.4.0: Mon Jun  9 19:30:53 PDT 2008; root:xnu-1228.5.20~1/RELEASE_I386
Kernel configured for up to 2 processors.
2 processors are physically available.
2 processors are logically available.
Processor type: i486 (Intel 80486)
Processors active: 0 1
Primary memory available: 2.00 gigabytes
Default processor set: 70 tasks, 270 threads, 2 processors
Load average: 0.79, Mach factor: 1.35
/bin/machine           = unknown
/usr/bin/oslevel       = unknown
/bin/universe          = unknown

PATH: /usr/bin
PATH: /bin
PATH: /usr/sbin
PATH: /sbin
PATH: /usr/local/bin
PATH: /usr/texbin
PATH: /usr/X11/bin


## ----------- ##
## Core tests. ##
## ----------- ##

configure:2020: checking for a BSD-compatible install
configure:2076: result: /usr/bin/install -c
configure:2087: checking whether build environment is sane
configure:2130: result: yes
configure:2154: WARNING: `missing' script is too old or missing
configure:2158: checking for a thread-safe mkdir -p
configure:2197: result: ./install-sh -c -d
configure:2210: checking for gawk
configure:2240: result: no
configure:2210: checking for mawk
configure:2240: result: no
configure:2210: checking for nawk
configure:2240: result: no
configure:2210: checking for awk
configure:2226: found /usr/bin/awk
configure:2237: result: awk
configure:2248: checking whether make sets $(MAKE)
configure:2269: result: yes
configure:2349: checking for arm-apple-darwin-strip
configure:2379: result: no
configure:2389: checking for strip
configure:2405: found /usr/bin/strip
configure:2416: result: strip
configure:2459: checking whether to enable maintainer-specific portions of Makefiles
configure:2468: result: no
configure:2658: checking for arm-apple-darwin-gcc
configure:2685: result: /Developer/Platforms/iPhoneOS.platform/Developer/usr/bin/arm-apple-darwin9-gcc-4.0.1
configure:2963: checking for C compiler version
configure:2970: /Developer/Platforms/iPhoneOS.platform/Developer/usr/bin/arm-apple-darwin9-gcc-4.0.1 --version >&5
arm-apple-darwin9-gcc-4.0.1 (GCC) 4.0.1 (Apple Inc. build 5484)
Copyright (C) 2005 Free Software Foundation, Inc.
This is free software; see the source for copying conditions.  There is NO
warranty; not even for MERCHANTABILITY or FITNESS FOR A PARTICULAR PURPOSE.

configure:2973: $? = 0
configure:2980: /Developer/Platforms/iPhoneOS.platform/Developer/usr/bin/arm-apple-darwin9-gcc-4.0.1 -v >&5
Using built-in specs.
Target: arm-apple-darwin9
Configured with: /var/tmp/gcc/gcc-5484~230/src/configure --disable-checking -enable-werror --prefix=/usr --mandir=/share/man --enable-languages=c,objc,c++,obj-c++ --program-transform-name=/^[cg][^.-]*$/s/$/-4.0/ --with-gxx-include-dir=/include/c++/4.0.0 --with-slibdir=/usr/lib --build=i686-apple-darwin9 --enable-werror-always --with-sysroot=/Developer/SDKs/Extra --program-prefix=arm-apple-darwin9- --host=i686-apple-darwin9 --target=arm-apple-darwin9
Thread model: posix
gcc version 4.0.1 (Apple Inc. build 5484)
configure:2983: $? = 0
configure:2990: /Developer/Platforms/iPhoneOS.platform/Developer/usr/bin/arm-apple-darwin9-gcc-4.0.1 -V >&5
arm-apple-darwin9-gcc-4.0.1: '-V' option must have argument
configure:2993: $? = 1
configure:3016: checking for C compiler default output file name
configure:3043: /Developer/Platforms/iPhoneOS.platform/Developer/usr/bin/arm-apple-darwin9-gcc-4.0.1 -arch armv6 -pipe -std=c99 -isysroot /Developer/Platforms/iPhoneOS.platform/Developer/SDKs/iPhoneOS2.0.sdk -I/Users/rose/local/audioqueue -DAVAILABLE_MAC_OS_X_VERSION_10_5_AND_LATER= -framework AudioToolbox conftest.c  >&5
configure:3046: $? = 0
configure:3084: result: a.out
configure:3101: checking whether the C compiler works
configure:3111: ./a.out
./configure: line 3112: ./a.out: Bad CPU type in executable
configure:3114: $? = 126
configure:3131: result: yes
configure:3138: checking whether we are cross compiling
configure:3140: result: yes
configure:3143: checking for suffix of executables
configure:3150: /Developer/Platforms/iPhoneOS.platform/Developer/usr/bin/arm-apple-darwin9-gcc-4.0.1 -o conftest -arch armv6 -pipe -std=c99 -isysroot /Developer/Platforms/iPhoneOS.platform/Developer/SDKs/iPhoneOS2.0.sdk -I/Users/rose/local/audioqueue -DAVAILABLE_MAC_OS_X_VERSION_10_5_AND_LATER= -framework AudioToolbox conftest.c  >&5
configure:3153: $? = 0
configure:3177: result: 
configure:3183: checking for suffix of object files
configure:3209: /Developer/Platforms/iPhoneOS.platform/Developer/usr/bin/arm-apple-darwin9-gcc-4.0.1 -c -arch armv6 -pipe -std=c99 -isysroot /Developer/Platforms/iPhoneOS.platform/Developer/SDKs/iPhoneOS2.0.sdk -I/Users/rose/local/audioqueue -DAVAILABLE_MAC_OS_X_VERSION_10_5_AND_LATER= conftest.c >&5
configure:3212: $? = 0
configure:3235: result: o
configure:3239: checking whether we are using the GNU C compiler
configure:3268: /Developer/Platforms/iPhoneOS.platform/Developer/usr/bin/arm-apple-darwin9-gcc-4.0.1 -c -arch armv6 -pipe -std=c99 -isysroot /Developer/Platforms/iPhoneOS.platform/Developer/SDKs/iPhoneOS2.0.sdk -I/Users/rose/local/audioqueue -DAVAILABLE_MAC_OS_X_VERSION_10_5_AND_LATER= conftest.c >&5
configure:3274: $? = 0
configure:3291: result: yes
configure:3296: checking whether /Developer/Platforms/iPhoneOS.platform/Developer/usr/bin/arm-apple-darwin9-gcc-4.0.1 accepts -g
configure:3326: /Developer/Platforms/iPhoneOS.platform/Developer/usr/bin/arm-apple-darwin9-gcc-4.0.1 -c -g -I/Users/rose/local/audioqueue -DAVAILABLE_MAC_OS_X_VERSION_10_5_AND_LATER= conftest.c >&5
configure:3332: $? = 0
configure:3431: result: yes
configure:3448: checking for /Developer/Platforms/iPhoneOS.platform/Developer/usr/bin/arm-apple-darwin9-gcc-4.0.1 option to accept ISO C89
configure:3522: /Developer/Platforms/iPhoneOS.platform/Developer/usr/bin/arm-apple-darwin9-gcc-4.0.1  -c -arch armv6 -pipe -std=c99 -isysroot /Developer/Platforms/iPhoneOS.platform/Developer/SDKs/iPhoneOS2.0.sdk -I/Users/rose/local/audioqueue -DAVAILABLE_MAC_OS_X_VERSION_10_5_AND_LATER= conftest.c >&5
configure:3528: $? = 0
configure:3551: result: none needed
configure:3580: checking for style of include used by make
configure:3608: result: GNU
configure:3633: checking dependency style of /Developer/Platforms/iPhoneOS.platform/Developer/usr/bin/arm-apple-darwin9-gcc-4.0.1
configure:3724: result: none
configure:3752: checking for a BSD-compatible install
configure:3808: result: /usr/bin/install -c
configure:3819: checking whether ln -s works
configure:3823: result: yes
configure:3908: checking build system type
configure:3926: result: i686-apple-darwin9.4.0
configure:3948: checking host system type
configure:3963: result: arm-apple-darwin
configure:3985: checking for a sed that does not truncate output
configure:4039: result: /usr/bin/sed
configure:4042: checking for grep that handles long lines and -e
configure:4116: result: /usr/bin/grep
configure:4121: checking for egrep
configure:4199: result: /usr/bin/grep -E
configure:4215: checking for ld used by /Developer/Platforms/iPhoneOS.platform/Developer/usr/bin/arm-apple-darwin9-gcc-4.0.1
configure:4282: result: /Developer/Platforms/iPhoneOS.platform/Developer/usr/libexec/gcc/arm-apple-darwin9/4.0.1/ld
configure:4291: checking if the linker (/Developer/Platforms/iPhoneOS.platform/Developer/usr/libexec/gcc/arm-apple-darwin9/4.0.1/ld) is GNU ld
configure:4306: result: no
configure:4311: checking for /Developer/Platforms/iPhoneOS.platform/Developer/usr/libexec/gcc/arm-apple-darwin9/4.0.1/ld option to reload object files
configure:4318: result: -r
configure:4336: checking for BSD-compatible nm
configure:4385: result: nm
configure:4389: checking how to recognise dependent libraries
configure:4565: result: pass_all
configure:4799: checking how to run the C preprocessor
configure:4915: result: /Developer/Platforms/iPhoneOS.platform/Developer/usr/bin/cpp
configure:4944: /Developer/Platforms/iPhoneOS.platform/Developer/usr/bin/cpp -I/Users/rose/local/audioqueue -DAVAILABLE_MAC_OS_X_VERSION_10_5_AND_LATER= conftest.c
configure:4950: $? = 0
configure:4981: /Developer/Platforms/iPhoneOS.platform/Developer/usr/bin/cpp -I/Users/rose/local/audioqueue -DAVAILABLE_MAC_OS_X_VERSION_10_5_AND_LATER= conftest.c
conftest.c:10: error: ac_nonexistent.h: No such file or directory
configure:4987: $? = 1
configure: failed program was:
| /* confdefs.h.  */
| #define PACKAGE_NAME ""
| #define PACKAGE_TARNAME ""
| #define PACKAGE_VERSION ""
| #define PACKAGE_STRING ""
| #define PACKAGE_BUGREPORT ""
| #define PACKAGE "libmikmod"
| #define VERSION "3.2.0b2"
| /* end confdefs.h.  */
| #include <ac_nonexistent.h>
configure:5025: checking for ANSI C header files
configure:5055: /Developer/Platforms/iPhoneOS.platform/Developer/usr/bin/arm-apple-darwin9-gcc-4.0.1 -c -arch armv6 -pipe -std=c99 -isysroot /Developer/Platforms/iPhoneOS.platform/Developer/SDKs/iPhoneOS2.0.sdk -I/Users/rose/local/audioqueue -DAVAILABLE_MAC_OS_X_VERSION_10_5_AND_LATER= conftest.c >&5
configure:5061: $? = 0
configure:5189: result: yes
configure:5213: checking for sys/types.h
configure:5234: /Developer/Platforms/iPhoneOS.platform/Developer/usr/bin/arm-apple-darwin9-gcc-4.0.1 -c -arch armv6 -pipe -std=c99 -isysroot /Developer/Platforms/iPhoneOS.platform/Developer/SDKs/iPhoneOS2.0.sdk -I/Users/rose/local/audioqueue -DAVAILABLE_MAC_OS_X_VERSION_10_5_AND_LATER= conftest.c >&5
configure:5240: $? = 0
configure:5256: result: yes
configure:5213: checking for sys/stat.h
configure:5234: /Developer/Platforms/iPhoneOS.platform/Developer/usr/bin/arm-apple-darwin9-gcc-4.0.1 -c -arch armv6 -pipe -std=c99 -isysroot /Developer/Platforms/iPhoneOS.platform/Developer/SDKs/iPhoneOS2.0.sdk -I/Users/rose/local/audioqueue -DAVAILABLE_MAC_OS_X_VERSION_10_5_AND_LATER= conftest.c >&5
configure:5240: $? = 0
configure:5256: result: yes
configure:5213: checking for stdlib.h
configure:5234: /Developer/Platforms/iPhoneOS.platform/Developer/usr/bin/arm-apple-darwin9-gcc-4.0.1 -c -arch armv6 -pipe -std=c99 -isysroot /Developer/Platforms/iPhoneOS.platform/Developer/SDKs/iPhoneOS2.0.sdk -I/Users/rose/local/audioqueue -DAVAILABLE_MAC_OS_X_VERSION_10_5_AND_LATER= conftest.c >&5
configure:5240: $? = 0
configure:5256: result: yes
configure:5213: checking for string.h
configure:5234: /Developer/Platforms/iPhoneOS.platform/Developer/usr/bin/arm-apple-darwin9-gcc-4.0.1 -c -arch armv6 -pipe -std=c99 -isysroot /Developer/Platforms/iPhoneOS.platform/Developer/SDKs/iPhoneOS2.0.sdk -I/Users/rose/local/audioqueue -DAVAILABLE_MAC_OS_X_VERSION_10_5_AND_LATER= conftest.c >&5
configure:5240: $? = 0
configure:5256: result: yes
configure:5213: checking for memory.h
configure:5234: /Developer/Platforms/iPhoneOS.platform/Developer/usr/bin/arm-apple-darwin9-gcc-4.0.1 -c -arch armv6 -pipe -std=c99 -isysroot /Developer/Platforms/iPhoneOS.platform/Developer/SDKs/iPhoneOS2.0.sdk -I/Users/rose/local/audioqueue -DAVAILABLE_MAC_OS_X_VERSION_10_5_AND_LATER= conftest.c >&5
configure:5240: $? = 0
configure:5256: result: yes
configure:5213: checking for strings.h
configure:5234: /Developer/Platforms/iPhoneOS.platform/Developer/usr/bin/arm-apple-darwin9-gcc-4.0.1 -c -arch armv6 -pipe -std=c99 -isysroot /Developer/Platforms/iPhoneOS.platform/Developer/SDKs/iPhoneOS2.0.sdk -I/Users/rose/local/audioqueue -DAVAILABLE_MAC_OS_X_VERSION_10_5_AND_LATER= conftest.c >&5
configure:5240: $? = 0
configure:5256: result: yes
configure:5213: checking for inttypes.h
configure:5234: /Developer/Platforms/iPhoneOS.platform/Developer/usr/bin/arm-apple-darwin9-gcc-4.0.1 -c -arch armv6 -pipe -std=c99 -isysroot /Developer/Platforms/iPhoneOS.platform/Developer/SDKs/iPhoneOS2.0.sdk -I/Users/rose/local/audioqueue -DAVAILABLE_MAC_OS_X_VERSION_10_5_AND_LATER= conftest.c >&5
configure:5240: $? = 0
configure:5256: result: yes
configure:5213: checking for stdint.h
configure:5234: /Developer/Platforms/iPhoneOS.platform/Developer/usr/bin/arm-apple-darwin9-gcc-4.0.1 -c -arch armv6 -pipe -std=c99 -isysroot /Developer/Platforms/iPhoneOS.platform/Developer/SDKs/iPhoneOS2.0.sdk -I/Users/rose/local/audioqueue -DAVAILABLE_MAC_OS_X_VERSION_10_5_AND_LATER= conftest.c >&5
configure:5240: $? = 0
configure:5256: result: yes
configure:5213: checking for unistd.h
configure:5234: /Developer/Platforms/iPhoneOS.platform/Developer/usr/bin/arm-apple-darwin9-gcc-4.0.1 -c -arch armv6 -pipe -std=c99 -isysroot /Developer/Platforms/iPhoneOS.platform/Developer/SDKs/iPhoneOS2.0.sdk -I/Users/rose/local/audioqueue -DAVAILABLE_MAC_OS_X_VERSION_10_5_AND_LATER= conftest.c >&5
configure:5240: $? = 0
configure:5256: result: yes
configure:5283: checking dlfcn.h usability
configure:5300: /Developer/Platforms/iPhoneOS.platform/Developer/usr/bin/arm-apple-darwin9-gcc-4.0.1 -c -arch armv6 -pipe -std=c99 -isysroot /Developer/Platforms/iPhoneOS.platform/Developer/SDKs/iPhoneOS2.0.sdk -I/Users/rose/local/audioqueue -DAVAILABLE_MAC_OS_X_VERSION_10_5_AND_LATER= conftest.c >&5
configure:5306: $? = 0
configure:5320: result: yes
configure:5324: checking dlfcn.h presence
configure:5339: /Developer/Platforms/iPhoneOS.platform/Developer/usr/bin/cpp -I/Users/rose/local/audioqueue -DAVAILABLE_MAC_OS_X_VERSION_10_5_AND_LATER= conftest.c
configure:5345: $? = 0
configure:5359: result: yes
configure:5387: checking for dlfcn.h
configure:5395: result: yes
configure:5422: checking for arm-apple-darwin-g++
configure:5452: result: no
configure:5422: checking for arm-apple-darwin-c++
configure:5452: result: no
configure:5422: checking for arm-apple-darwin-gpp
configure:5452: result: no
configure:5422: checking for arm-apple-darwin-aCC
configure:5452: result: no
configure:5422: checking for arm-apple-darwin-CC
configure:5452: result: no
configure:5422: checking for arm-apple-darwin-cxx
configure:5452: result: no
configure:5422: checking for arm-apple-darwin-cc++
configure:5452: result: no
configure:5422: checking for arm-apple-darwin-cl.exe
configure:5452: result: no
configure:5422: checking for arm-apple-darwin-FCC
configure:5452: result: no
configure:5422: checking for arm-apple-darwin-KCC
configure:5452: result: no
configure:5422: checking for arm-apple-darwin-RCC
configure:5452: result: no
configure:5422: checking for arm-apple-darwin-xlC_r
configure:5452: result: no
configure:5422: checking for arm-apple-darwin-xlC
configure:5452: result: no
configure:5466: checking for g++
configure:5482: found /usr/bin/g++
configure:5493: result: g++
configure:5511: WARNING: In the future, Autoconf will not detect cross-tools
whose name does not start with the host triplet.  If you think this
configuration is useful to you, please write to autoconf@gnu.org.
configure:5524: checking for C++ compiler version
configure:5531: g++ --version >&5
i686-apple-darwin9-g++-4.0.1 (GCC) 4.0.1 (Apple Inc. build 5484)
Copyright (C) 2005 Free Software Foundation, Inc.
This is free software; see the source for copying conditions.  There is NO
warranty; not even for MERCHANTABILITY or FITNESS FOR A PARTICULAR PURPOSE.

configure:5534: $? = 0
configure:5541: g++ -v >&5
Using built-in specs.
Target: i686-apple-darwin9
Configured with: /var/tmp/gcc/gcc-5484~1/src/configure --disable-checking -enable-werror --prefix=/usr --mandir=/share/man --enable-languages=c,objc,c++,obj-c++ --program-transform-name=/^[cg][^.-]*$/s/$/-4.0/ --with-gxx-include-dir=/include/c++/4.0.0 --with-slibdir=/usr/lib --build=i686-apple-darwin9 --with-arch=apple --with-tune=generic --host=i686-apple-darwin9 --target=i686-apple-darwin9
Thread model: posix
gcc version 4.0.1 (Apple Inc. build 5484)
configure:5544: $? = 0
configure:5551: g++ -V >&5
g++-4.0: argument to `-V' is missing
configure:5554: $? = 1
configure:5557: checking whether we are using the GNU C++ compiler
configure:5586: g++ -c  -I/Users/rose/local/audioqueue -DAVAILABLE_MAC_OS_X_VERSION_10_5_AND_LATER= conftest.cpp >&5
configure:5592: $? = 0
configure:5609: result: yes
configure:5614: checking whether g++ accepts -g
configure:5644: g++ -c -g -I/Users/rose/local/audioqueue -DAVAILABLE_MAC_OS_X_VERSION_10_5_AND_LATER= conftest.cpp >&5
configure:5650: $? = 0
configure:5749: result: yes
configure:5774: checking dependency style of g++
configure:5865: result: none
configure:5890: checking how to run the C++ preprocessor
configure:5926: g++ -E -I/Users/rose/local/audioqueue -DAVAILABLE_MAC_OS_X_VERSION_10_5_AND_LATER= conftest.cpp
configure:5932: $? = 0
configure:5963: g++ -E -I/Users/rose/local/audioqueue -DAVAILABLE_MAC_OS_X_VERSION_10_5_AND_LATER= conftest.cpp
conftest.cpp:21:28: error: ac_nonexistent.h: No such file or directory
configure:5969: $? = 1
configure: failed program was:
| /* confdefs.h.  */
| #define PACKAGE_NAME ""
| #define PACKAGE_TARNAME ""
| #define PACKAGE_VERSION ""
| #define PACKAGE_STRING ""
| #define PACKAGE_BUGREPORT ""
| #define PACKAGE "libmikmod"
| #define VERSION "3.2.0b2"
| #define STDC_HEADERS 1
| #define HAVE_SYS_TYPES_H 1
| #define HAVE_SYS_STAT_H 1
| #define HAVE_STDLIB_H 1
| #define HAVE_STRING_H 1
| #define HAVE_MEMORY_H 1
| #define HAVE_STRINGS_H 1
| #define HAVE_INTTYPES_H 1
| #define HAVE_STDINT_H 1
| #define HAVE_UNISTD_H 1
| #define HAVE_DLFCN_H 1
| /* end confdefs.h.  */
| #include <ac_nonexistent.h>
configure:6002: result: g++ -E
configure:6031: g++ -E -I/Users/rose/local/audioqueue -DAVAILABLE_MAC_OS_X_VERSION_10_5_AND_LATER= conftest.cpp
configure:6037: $? = 0
configure:6068: g++ -E -I/Users/rose/local/audioqueue -DAVAILABLE_MAC_OS_X_VERSION_10_5_AND_LATER= conftest.cpp
conftest.cpp:21:28: error: ac_nonexistent.h: No such file or directory
configure:6074: $? = 1
configure: failed program was:
| /* confdefs.h.  */
| #define PACKAGE_NAME ""
| #define PACKAGE_TARNAME ""
| #define PACKAGE_VERSION ""
| #define PACKAGE_STRING ""
| #define PACKAGE_BUGREPORT ""
| #define PACKAGE "libmikmod"
| #define VERSION "3.2.0b2"
| #define STDC_HEADERS 1
| #define HAVE_SYS_TYPES_H 1
| #define HAVE_SYS_STAT_H 1
| #define HAVE_STDLIB_H 1
| #define HAVE_STRING_H 1
| #define HAVE_MEMORY_H 1
| #define HAVE_STRINGS_H 1
| #define HAVE_INTTYPES_H 1
| #define HAVE_STDINT_H 1
| #define HAVE_UNISTD_H 1
| #define HAVE_DLFCN_H 1
| /* end confdefs.h.  */
| #include <ac_nonexistent.h>
configure:6123: checking for arm-apple-darwin-g77
configure:6153: result: no
configure:6123: checking for arm-apple-darwin-xlf
configure:6153: result: no
configure:6123: checking for arm-apple-darwin-f77
configure:6153: result: no
configure:6123: checking for arm-apple-darwin-frt
configure:6153: result: no
configure:6123: checking for arm-apple-darwin-pgf77
configure:6153: result: no
configure:6123: checking for arm-apple-darwin-cf77
configure:6153: result: no
configure:6123: checking for arm-apple-darwin-fort77
configure:6153: result: no
configure:6123: checking for arm-apple-darwin-fl32
configure:6153: result: no
configure:6123: checking for arm-apple-darwin-af77
configure:6153: result: no
configure:6123: checking for arm-apple-darwin-xlf90
configure:6153: result: no
configure:6123: checking for arm-apple-darwin-f90
configure:6153: result: no
configure:6123: checking for arm-apple-darwin-pgf90
configure:6153: result: no
configure:6123: checking for arm-apple-darwin-pghpf
configure:6153: result: no
configure:6123: checking for arm-apple-darwin-epcf90
configure:6153: result: no
configure:6123: checking for arm-apple-darwin-gfortran
configure:6153: result: no
configure:6123: checking for arm-apple-darwin-g95
configure:6153: result: no
configure:6123: checking for arm-apple-darwin-xlf95
configure:6153: result: no
configure:6123: checking for arm-apple-darwin-f95
configure:6153: result: no
configure:6123: checking for arm-apple-darwin-fort
configure:6153: result: no
configure:6123: checking for arm-apple-darwin-ifort
configure:6153: result: no
configure:6123: checking for arm-apple-darwin-ifc
configure:6153: result: no
configure:6123: checking for arm-apple-darwin-efc
configure:6153: result: no
configure:6123: checking for arm-apple-darwin-pgf95
configure:6153: result: no
configure:6123: checking for arm-apple-darwin-lf95
configure:6153: result: no
configure:6123: checking for arm-apple-darwin-ftn
configure:6153: result: no
configure:6167: checking for g77
configure:6197: result: no
configure:6167: checking for xlf
configure:6197: result: no
configure:6167: checking for f77
configure:6197: result: no
configure:6167: checking for frt
configure:6197: result: no
configure:6167: checking for pgf77
configure:6197: result: no
configure:6167: checking for cf77
configure:6197: result: no
configure:6167: checking for fort77
configure:6197: result: no
configure:6167: checking for fl32
configure:6197: result: no
configure:6167: checking for af77
configure:6197: result: no
configure:6167: checking for xlf90
configure:6197: result: no
configure:6167: checking for f90
configure:6197: result: no
configure:6167: checking for pgf90
configure:6197: result: no
configure:6167: checking for pghpf
configure:6197: result: no
configure:6167: checking for epcf90
configure:6197: result: no
configure:6167: checking for gfortran
configure:6197: result: no
configure:6167: checking for g95
configure:6197: result: no
configure:6167: checking for xlf95
configure:6197: result: no
configure:6167: checking for f95
configure:6197: result: no
configure:6167: checking for fort
configure:6197: result: no
configure:6167: checking for ifort
configure:6197: result: no
configure:6167: checking for ifc
configure:6197: result: no
configure:6167: checking for efc
configure:6197: result: no
configure:6167: checking for pgf95
configure:6197: result: no
configure:6167: checking for lf95
configure:6197: result: no
configure:6167: checking for ftn
configure:6197: result: no
configure:6224: checking for Fortran 77 compiler version
configure:6231:  --version >&5
./configure: line 6232: --version: command not found
configure:6234: $? = 127
configure:6241:  -v >&5
./configure: line 6242: -v: command not found
configure:6244: $? = 127
configure:6251:  -V >&5
./configure: line 6252: -V: command not found
configure:6254: $? = 127
configure:6262: checking whether we are using the GNU Fortran 77 compiler
configure:6281:  -c  conftest.F >&5
./configure: line 6282: -c: command not found
configure:6287: $? = 127
configure: failed program was:
|       program main
| #ifndef __GNUC__
|        choke me
| #endif
| 
|       end
configure:6304: result: no
configure:6310: checking whether  accepts -g
configure:6327:  -c -g conftest.f >&5
./configure: line 6328: -c: command not found
configure:6333: $? = 127
configure: failed program was:
|       program main
| 
|       end
configure:6349: result: no
configure:6379: checking the maximum length of command line arguments
configure:6488: result: 196608
configure:6499: checking command to parse nm output from /Developer/Platforms/iPhoneOS.platform/Developer/usr/bin/arm-apple-darwin9-gcc-4.0.1 object
configure:6604: /Developer/Platforms/iPhoneOS.platform/Developer/usr/bin/arm-apple-darwin9-gcc-4.0.1 -c -arch armv6 -pipe -std=c99 -isysroot /Developer/Platforms/iPhoneOS.platform/Developer/SDKs/iPhoneOS2.0.sdk -I/Users/rose/local/audioqueue -DAVAILABLE_MAC_OS_X_VERSION_10_5_AND_LATER= conftest.c >&5
configure:6607: $? = 0
configure:6611: nm conftest.o \| sed -n -e 's/^.*[ 	]\([BCDEGRST][BCDEGRST]*\)[ 	][ 	]*\([_A-Za-z][_A-Za-z0-9]*\)$/\1 \2 \2/p' \> conftest.nm
configure:6614: $? = 0
cannot find nm_test_var in conftest.nm
configure:6604: /Developer/Platforms/iPhoneOS.platform/Developer/usr/bin/arm-apple-darwin9-gcc-4.0.1 -c -arch armv6 -pipe -std=c99 -isysroot /Developer/Platforms/iPhoneOS.platform/Developer/SDKs/iPhoneOS2.0.sdk -I/Users/rose/local/audioqueue -DAVAILABLE_MAC_OS_X_VERSION_10_5_AND_LATER= conftest.c >&5
configure:6607: $? = 0
configure:6611: nm conftest.o \| sed -n -e 's/^.*[ 	]\([BCDEGRST][BCDEGRST]*\)[ 	][ 	]*_\([_A-Za-z][_A-Za-z0-9]*\)$/\1 _\2 \2/p' \> conftest.nm
configure:6614: $? = 0
configure:6666: /Developer/Platforms/iPhoneOS.platform/Developer/usr/bin/arm-apple-darwin9-gcc-4.0.1 -o conftest -arch armv6 -pipe -std=c99 -isysroot /Developer/Platforms/iPhoneOS.platform/Developer/SDKs/iPhoneOS2.0.sdk -I/Users/rose/local/audioqueue -DAVAILABLE_MAC_OS_X_VERSION_10_5_AND_LATER= -framework AudioToolbox conftest.c conftstm.o >&5
configure:6669: $? = 0
configure:6707: result: ok
configure:6711: checking for objdir
configure:6726: result: .libs
configure:6778: checking for arm-apple-darwin-ar
configure:6805: result: /Developer/Platforms/iPhoneOS.platform/Developer/usr/bin/ar
configure:6874: checking for arm-apple-darwin-ranlib
configure:6901: result: arm-apple-darwin-ranlib
configure:6970: checking for arm-apple-darwin-strip
configure:6997: result: strip
configure:7323: checking if /Developer/Platforms/iPhoneOS.platform/Developer/usr/bin/arm-apple-darwin9-gcc-4.0.1 supports -fno-rtti -fno-exceptions
configure:7341: /Developer/Platforms/iPhoneOS.platform/Developer/usr/bin/arm-apple-darwin9-gcc-4.0.1 -c -arch armv6 -pipe -std=c99 -isysroot /Developer/Platforms/iPhoneOS.platform/Developer/SDKs/iPhoneOS2.0.sdk -I/Users/rose/local/audioqueue -DAVAILABLE_MAC_OS_X_VERSION_10_5_AND_LATER= -fno-rtti -fno-exceptions conftest.c >&5
cc1: warning: command line option "-fno-rtti" is valid for C++/ObjC++ but not for C
configure:7345: $? = 0
configure:7358: result: no
configure:7373: checking for /Developer/Platforms/iPhoneOS.platform/Developer/usr/bin/arm-apple-darwin9-gcc-4.0.1 option to produce PIC
configure:7583: result: -fno-common
configure:7591: checking if /Developer/Platforms/iPhoneOS.platform/Developer/usr/bin/arm-apple-darwin9-gcc-4.0.1 PIC flag -fno-common works
configure:7609: /Developer/Platforms/iPhoneOS.platform/Developer/usr/bin/arm-apple-darwin9-gcc-4.0.1 -c -arch armv6 -pipe -std=c99 -isysroot /Developer/Platforms/iPhoneOS.platform/Developer/SDKs/iPhoneOS2.0.sdk -I/Users/rose/local/audioqueue -DAVAILABLE_MAC_OS_X_VERSION_10_5_AND_LATER= -fno-common -DPIC conftest.c >&5
configure:7613: $? = 0
configure:7626: result: yes
configure:7654: checking if /Developer/Platforms/iPhoneOS.platform/Developer/usr/bin/arm-apple-darwin9-gcc-4.0.1 static flag -static works
configure:7682: result: no
configure:7692: checking if /Developer/Platforms/iPhoneOS.platform/Developer/usr/bin/arm-apple-darwin9-gcc-4.0.1 supports -c -o file.o
configure:7713: /Developer/Platforms/iPhoneOS.platform/Developer/usr/bin/arm-apple-darwin9-gcc-4.0.1 -c -arch armv6 -pipe -std=c99 -isysroot /Developer/Platforms/iPhoneOS.platform/Developer/SDKs/iPhoneOS2.0.sdk -I/Users/rose/local/audioqueue -DAVAILABLE_MAC_OS_X_VERSION_10_5_AND_LATER= -o out/conftest2.o conftest.c >&5
configure:7717: $? = 0
configure:7739: result: yes
configure:7765: checking whether the /Developer/Platforms/iPhoneOS.platform/Developer/usr/bin/arm-apple-darwin9-gcc-4.0.1 linker (/Developer/Platforms/iPhoneOS.platform/Developer/usr/libexec/gcc/arm-apple-darwin9/4.0.1/ld) supports shared libraries
configure:8719: result: yes
configure:8786: checking dynamic linker characteristics
configure:9374: result: darwin dyld
configure:9383: checking how to hardcode library paths into programs
configure:9408: result: immediate
configure:9422: checking whether stripping libraries is possible
configure:9435: result: yes
configure:10228: checking if libtool supports shared libraries
configure:10230: result: yes
configure:10233: checking whether to build shared libraries
configure:10254: result: yes
configure:10257: checking whether to build static libraries
configure:10261: result: yes
configure:10353: creating libtool
configure:10941: checking for ld used by g++
configure:11008: result: /Developer/Platforms/iPhoneOS.platform/Developer/usr/libexec/gcc/arm-apple-darwin9/4.0.1/ld
configure:11017: checking if the linker (/Developer/Platforms/iPhoneOS.platform/Developer/usr/libexec/gcc/arm-apple-darwin9/4.0.1/ld) is GNU ld
configure:11032: result: no
configure:11083: checking whether the g++ linker (/Developer/Platforms/iPhoneOS.platform/Developer/usr/libexec/gcc/arm-apple-darwin9/4.0.1/ld) supports shared libraries
configure:12017: result: yes
configure:12035: g++ -c -g -O2 -I/Users/rose/local/audioqueue -DAVAILABLE_MAC_OS_X_VERSION_10_5_AND_LATER= conftest.cpp >&5
configure:12038: $? = 0
configure:12157: checking for g++ option to produce PIC
configure:12431: result: -fno-common
configure:12439: checking if g++ PIC flag -fno-common works
configure:12457: g++ -c -g -O2 -I/Users/rose/local/audioqueue -DAVAILABLE_MAC_OS_X_VERSION_10_5_AND_LATER= -fno-common -DPIC conftest.cpp >&5
configure:12461: $? = 0
configure:12474: result: yes
configure:12502: checking if g++ static flag -static works
configure:12530: result: no
configure:12540: checking if g++ supports -c -o file.o
configure:12561: g++ -c -g -O2 -I/Users/rose/local/audioqueue -DAVAILABLE_MAC_OS_X_VERSION_10_5_AND_LATER= -o out/conftest2.o conftest.cpp >&5
configure:12565: $? = 0
configure:12587: result: yes
configure:12613: checking whether the g++ linker (/Developer/Platforms/iPhoneOS.platform/Developer/usr/libexec/gcc/arm-apple-darwin9/4.0.1/ld) supports shared libraries
configure:12638: result: yes
configure:12705: checking dynamic linker characteristics
configure:13293: result: darwin dyld
configure:13302: checking how to hardcode library paths into programs
configure:13327: result: immediate
configure:19467: checking whether make sets $(MAKE)
configure:19488: result: yes
configure:19501: checking if makeinfo supports html output
configure:19513: result: yes
configure:19538: checking for dlfcn.h
configure:19544: result: yes
configure:19675: checking for dlopen in -lc
configure:19710: /Developer/Platforms/iPhoneOS.platform/Developer/usr/bin/arm-apple-darwin9-gcc-4.0.1 -o conftest -arch armv6 -pipe -std=c99 -isysroot /Developer/Platforms/iPhoneOS.platform/Developer/SDKs/iPhoneOS2.0.sdk -I/Users/rose/local/audioqueue -DAVAILABLE_MAC_OS_X_VERSION_10_5_AND_LATER= -framework AudioToolbox conftest.c -lc   >&5
configure:19716: $? = 0
configure:19734: result: yes
configure:20029: checking wherever dynamically loaded symbols need underscores
configure:20111: result: no
configure:20127: checking if compiler recognizes -pthread
configure:20162: /Developer/Platforms/iPhoneOS.platform/Developer/usr/bin/arm-apple-darwin9-gcc-4.0.1 -o conftest -arch armv6 -pipe -std=c99 -isysroot /Developer/Platforms/iPhoneOS.platform/Developer/SDKs/iPhoneOS2.0.sdk -pthread -I/Users/rose/local/audioqueue -DAVAILABLE_MAC_OS_X_VERSION_10_5_AND_LATER= -framework AudioToolbox conftest.c  >&5
configure:20168: $? = 0
configure:20194: result: yes
configure:20811: checking AF/AFlib.h usability
configure:20828: /Developer/Platforms/iPhoneOS.platform/Developer/usr/bin/arm-apple-darwin9-gcc-4.0.1 -c -arch armv6 -pipe -std=c99 -isysroot /Developer/Platforms/iPhoneOS.platform/Developer/SDKs/iPhoneOS2.0.sdk -I/Users/rose/local/audioqueue -DAVAILABLE_MAC_OS_X_VERSION_10_5_AND_LATER= conftest.c >&5
conftest.c:55:22: error: AF/AFlib.h: No such file or directory
configure:20834: $? = 1
configure: failed program was:
| /* confdefs.h.  */
| #define PACKAGE_NAME ""
| #define PACKAGE_TARNAME ""
| #define PACKAGE_VERSION ""
| #define PACKAGE_STRING ""
| #define PACKAGE_BUGREPORT ""
| #define PACKAGE "libmikmod"
| #define VERSION "3.2.0b2"
| #define STDC_HEADERS 1
| #define HAVE_SYS_TYPES_H 1
| #define HAVE_SYS_STAT_H 1
| #define HAVE_STDLIB_H 1
| #define HAVE_STRING_H 1
| #define HAVE_MEMORY_H 1
| #define HAVE_STRINGS_H 1
| #define HAVE_INTTYPES_H 1
| #define HAVE_STDINT_H 1
| #define HAVE_UNISTD_H 1
| #define HAVE_DLFCN_H 1
| #define HAVE_DLFCN_H 1
| /* end confdefs.h.  */
| #include <stdio.h>
| #ifdef HAVE_SYS_TYPES_H
| # include <sys/types.h>
| #endif
| #ifdef HAVE_SYS_STAT_H
| # include <sys/stat.h>
| #endif
| #ifdef STDC_HEADERS
| # include <stdlib.h>
| # include <stddef.h>
| #else
| # ifdef HAVE_STDLIB_H
| #  include <stdlib.h>
| # endif
| #endif
| #ifdef HAVE_STRING_H
| # if !defined STDC_HEADERS && defined HAVE_MEMORY_H
| #  include <memory.h>
| # endif
| # include <string.h>
| #endif
| #ifdef HAVE_STRINGS_H
| # include <strings.h>
| #endif
| #ifdef HAVE_INTTYPES_H
| # include <inttypes.h>
| #endif
| #ifdef HAVE_STDINT_H
| # include <stdint.h>
| #endif
| #ifdef HAVE_UNISTD_H
| # include <unistd.h>
| #endif
| #include <AF/AFlib.h>
configure:20848: result: no
configure:20852: checking AF/AFlib.h presence
configure:20867: /Developer/Platforms/iPhoneOS.platform/Developer/usr/bin/cpp -I/Users/rose/local/audioqueue -DAVAILABLE_MAC_OS_X_VERSION_10_5_AND_LATER= conftest.c
conftest.c:22: error: AF/AFlib.h: No such file or directory
configure:20873: $? = 1
configure: failed program was:
| /* confdefs.h.  */
| #define PACKAGE_NAME ""
| #define PACKAGE_TARNAME ""
| #define PACKAGE_VERSION ""
| #define PACKAGE_STRING ""
| #define PACKAGE_BUGREPORT ""
| #define PACKAGE "libmikmod"
| #define VERSION "3.2.0b2"
| #define STDC_HEADERS 1
| #define HAVE_SYS_TYPES_H 1
| #define HAVE_SYS_STAT_H 1
| #define HAVE_STDLIB_H 1
| #define HAVE_STRING_H 1
| #define HAVE_MEMORY_H 1
| #define HAVE_STRINGS_H 1
| #define HAVE_INTTYPES_H 1
| #define HAVE_STDINT_H 1
| #define HAVE_UNISTD_H 1
| #define HAVE_DLFCN_H 1
| #define HAVE_DLFCN_H 1
| /* end confdefs.h.  */
| #include <AF/AFlib.h>
configure:20887: result: no
configure:20915: checking for AF/AFlib.h
configure:20923: result: no
configure:21396: checking AudioQueue.h usability
configure:21413: /Developer/Platforms/iPhoneOS.platform/Developer/usr/bin/arm-apple-darwin9-gcc-4.0.1 -c -arch armv6 -pipe -std=c99 -isysroot /Developer/Platforms/iPhoneOS.platform/Developer/SDKs/iPhoneOS2.0.sdk -I/Users/rose/local/audioqueue -DAVAILABLE_MAC_OS_X_VERSION_10_5_AND_LATER= conftest.c >&5
conftest.c:55:24: error: AudioQueue.h: No such file or directory
configure:21419: $? = 1
configure: failed program was:
| /* confdefs.h.  */
| #define PACKAGE_NAME ""
| #define PACKAGE_TARNAME ""
| #define PACKAGE_VERSION ""
| #define PACKAGE_STRING ""
| #define PACKAGE_BUGREPORT ""
| #define PACKAGE "libmikmod"
| #define VERSION "3.2.0b2"
| #define STDC_HEADERS 1
| #define HAVE_SYS_TYPES_H 1
| #define HAVE_SYS_STAT_H 1
| #define HAVE_STDLIB_H 1
| #define HAVE_STRING_H 1
| #define HAVE_MEMORY_H 1
| #define HAVE_STRINGS_H 1
| #define HAVE_INTTYPES_H 1
| #define HAVE_STDINT_H 1
| #define HAVE_UNISTD_H 1
| #define HAVE_DLFCN_H 1
| #define HAVE_DLFCN_H 1
| /* end confdefs.h.  */
| #include <stdio.h>
| #ifdef HAVE_SYS_TYPES_H
| # include <sys/types.h>
| #endif
| #ifdef HAVE_SYS_STAT_H
| # include <sys/stat.h>
| #endif
| #ifdef STDC_HEADERS
| # include <stdlib.h>
| # include <stddef.h>
| #else
| # ifdef HAVE_STDLIB_H
| #  include <stdlib.h>
| # endif
| #endif
| #ifdef HAVE_STRING_H
| # if !defined STDC_HEADERS && defined HAVE_MEMORY_H
| #  include <memory.h>
| # endif
| # include <string.h>
| #endif
| #ifdef HAVE_STRINGS_H
| # include <strings.h>
| #endif
| #ifdef HAVE_INTTYPES_H
| # include <inttypes.h>
| #endif
| #ifdef HAVE_STDINT_H
| # include <stdint.h>
| #endif
| #ifdef HAVE_UNISTD_H
| # include <unistd.h>
| #endif
| #include <AudioQueue.h>
configure:21433: result: no
configure:21437: checking AudioQueue.h presence
configure:21452: /Developer/Platforms/iPhoneOS.platform/Developer/usr/bin/cpp -I/Users/rose/local/audioqueue -DAVAILABLE_MAC_OS_X_VERSION_10_5_AND_LATER= conftest.c
conftest.c:22: error: AudioQueue.h: No such file or directory
configure:21458: $? = 1
configure: failed program was:
| /* confdefs.h.  */
| #define PACKAGE_NAME ""
| #define PACKAGE_TARNAME ""
| #define PACKAGE_VERSION ""
| #define PACKAGE_STRING ""
| #define PACKAGE_BUGREPORT ""
| #define PACKAGE "libmikmod"
| #define VERSION "3.2.0b2"
| #define STDC_HEADERS 1
| #define HAVE_SYS_TYPES_H 1
| #define HAVE_SYS_STAT_H 1
| #define HAVE_STDLIB_H 1
| #define HAVE_STRING_H 1
| #define HAVE_MEMORY_H 1
| #define HAVE_STRINGS_H 1
| #define HAVE_INTTYPES_H 1
| #define HAVE_STDINT_H 1
| #define HAVE_UNISTD_H 1
| #define HAVE_DLFCN_H 1
| #define HAVE_DLFCN_H 1
| /* end confdefs.h.  */
| #include <AudioQueue.h>
configure:21472: result: no
configure:21500: checking for AudioQueue.h
configure:21508: result: no
configure:21534: checking for ANSI C header files
configure:21698: result: yes
configure:21708: checking for sys/wait.h that is POSIX.1 compatible
configure:21744: /Developer/Platforms/iPhoneOS.platform/Developer/usr/bin/arm-apple-darwin9-gcc-4.0.1 -c -arch armv6 -pipe -std=c99 -isysroot /Developer/Platforms/iPhoneOS.platform/Developer/SDKs/iPhoneOS2.0.sdk -I/Users/rose/local/audioqueue -DAVAILABLE_MAC_OS_X_VERSION_10_5_AND_LATER= conftest.c >&5
configure:21750: $? = 0
configure:21765: result: yes
configure:21795: checking fcntl.h usability
configure:21812: /Developer/Platforms/iPhoneOS.platform/Developer/usr/bin/arm-apple-darwin9-gcc-4.0.1 -c -arch armv6 -pipe -std=c99 -isysroot /Developer/Platforms/iPhoneOS.platform/Developer/SDKs/iPhoneOS2.0.sdk -I/Users/rose/local/audioqueue -DAVAILABLE_MAC_OS_X_VERSION_10_5_AND_LATER= conftest.c >&5
configure:21818: $? = 0
configure:21832: result: yes
configure:21836: checking fcntl.h presence
configure:21851: /Developer/Platforms/iPhoneOS.platform/Developer/usr/bin/cpp -I/Users/rose/local/audioqueue -DAVAILABLE_MAC_OS_X_VERSION_10_5_AND_LATER= conftest.c
configure:21857: $? = 0
configure:21871: result: yes
configure:21899: checking for fcntl.h
configure:21907: result: yes
configure:21795: checking malloc.h usability
configure:21812: /Developer/Platforms/iPhoneOS.platform/Developer/usr/bin/arm-apple-darwin9-gcc-4.0.1 -c -arch armv6 -pipe -std=c99 -isysroot /Developer/Platforms/iPhoneOS.platform/Developer/SDKs/iPhoneOS2.0.sdk -I/Users/rose/local/audioqueue -DAVAILABLE_MAC_OS_X_VERSION_10_5_AND_LATER= conftest.c >&5
conftest.c:58:20: error: malloc.h: No such file or directory
configure:21818: $? = 1
configure: failed program was:
| /* confdefs.h.  */
| #define PACKAGE_NAME ""
| #define PACKAGE_TARNAME ""
| #define PACKAGE_VERSION ""
| #define PACKAGE_STRING ""
| #define PACKAGE_BUGREPORT ""
| #define PACKAGE "libmikmod"
| #define VERSION "3.2.0b2"
| #define STDC_HEADERS 1
| #define HAVE_SYS_TYPES_H 1
| #define HAVE_SYS_STAT_H 1
| #define HAVE_STDLIB_H 1
| #define HAVE_STRING_H 1
| #define HAVE_MEMORY_H 1
| #define HAVE_STRINGS_H 1
| #define HAVE_INTTYPES_H 1
| #define HAVE_STDINT_H 1
| #define HAVE_UNISTD_H 1
| #define HAVE_DLFCN_H 1
| #define HAVE_DLFCN_H 1
| #define STDC_HEADERS 1
| #define HAVE_SYS_WAIT_H 1
| #define HAVE_FCNTL_H 1
| /* end confdefs.h.  */
| #include <stdio.h>
| #ifdef HAVE_SYS_TYPES_H
| # include <sys/types.h>
| #endif
| #ifdef HAVE_SYS_STAT_H
| # include <sys/stat.h>
| #endif
| #ifdef STDC_HEADERS
| # include <stdlib.h>
| # include <stddef.h>
| #else
| # ifdef HAVE_STDLIB_H
| #  include <stdlib.h>
| # endif
| #endif
| #ifdef HAVE_STRING_H
| # if !defined STDC_HEADERS && defined HAVE_MEMORY_H
| #  include <memory.h>
| # endif
| # include <string.h>
| #endif
| #ifdef HAVE_STRINGS_H
| # include <strings.h>
| #endif
| #ifdef HAVE_INTTYPES_H
| # include <inttypes.h>
| #endif
| #ifdef HAVE_STDINT_H
| # include <stdint.h>
| #endif
| #ifdef HAVE_UNISTD_H
| # include <unistd.h>
| #endif
| #include <malloc.h>
configure:21832: result: no
configure:21836: checking malloc.h presence
configure:21851: /Developer/Platforms/iPhoneOS.platform/Developer/usr/bin/cpp -I/Users/rose/local/audioqueue -DAVAILABLE_MAC_OS_X_VERSION_10_5_AND_LATER= conftest.c
conftest.c:25: error: malloc.h: No such file or directory
configure:21857: $? = 1
configure: failed program was:
| /* confdefs.h.  */
| #define PACKAGE_NAME ""
| #define PACKAGE_TARNAME ""
| #define PACKAGE_VERSION ""
| #define PACKAGE_STRING ""
| #define PACKAGE_BUGREPORT ""
| #define PACKAGE "libmikmod"
| #define VERSION "3.2.0b2"
| #define STDC_HEADERS 1
| #define HAVE_SYS_TYPES_H 1
| #define HAVE_SYS_STAT_H 1
| #define HAVE_STDLIB_H 1
| #define HAVE_STRING_H 1
| #define HAVE_MEMORY_H 1
| #define HAVE_STRINGS_H 1
| #define HAVE_INTTYPES_H 1
| #define HAVE_STDINT_H 1
| #define HAVE_UNISTD_H 1
| #define HAVE_DLFCN_H 1
| #define HAVE_DLFCN_H 1
| #define STDC_HEADERS 1
| #define HAVE_SYS_WAIT_H 1
| #define HAVE_FCNTL_H 1
| /* end confdefs.h.  */
| #include <malloc.h>
configure:21871: result: no
configure:21899: checking for malloc.h
configure:21907: result: no
configure:21785: checking for memory.h
configure:21791: result: yes
configure:21785: checking for strings.h
configure:21791: result: yes
configure:21795: checking sys/ioctl.h usability
configure:21812: /Developer/Platforms/iPhoneOS.platform/Developer/usr/bin/arm-apple-darwin9-gcc-4.0.1 -c -arch armv6 -pipe -std=c99 -isysroot /Developer/Platforms/iPhoneOS.platform/Developer/SDKs/iPhoneOS2.0.sdk -I/Users/rose/local/audioqueue -DAVAILABLE_MAC_OS_X_VERSION_10_5_AND_LATER= conftest.c >&5
configure:21818: $? = 0
configure:21832: result: yes
configure:21836: checking sys/ioctl.h presence
configure:21851: /Developer/Platforms/iPhoneOS.platform/Developer/usr/bin/cpp -I/Users/rose/local/audioqueue -DAVAILABLE_MAC_OS_X_VERSION_10_5_AND_LATER= conftest.c
configure:21857: $? = 0
configure:21871: result: yes
configure:21899: checking for sys/ioctl.h
configure:21907: result: yes
configure:21785: checking for unistd.h
configure:21791: result: yes
configure:21926: checking whether /Developer/Platforms/iPhoneOS.platform/Developer/usr/bin/arm-apple-darwin9-gcc-4.0.1 needs -traditional
conftest.c:29: error: termio.h: No such file or directory
configure:21968: result: no
configure:21975: checking for an ANSI C-conforming const
configure:22050: /Developer/Platforms/iPhoneOS.platform/Developer/usr/bin/arm-apple-darwin9-gcc-4.0.1 -c -arch armv6 -pipe -std=c99 -isysroot /Developer/Platforms/iPhoneOS.platform/Developer/SDKs/iPhoneOS2.0.sdk -I/Users/rose/local/audioqueue -DAVAILABLE_MAC_OS_X_VERSION_10_5_AND_LATER= conftest.c >&5
configure:22056: $? = 0
configure:22071: result: yes
configure:22081: checking for pid_t
configure:22111: /Developer/Platforms/iPhoneOS.platform/Developer/usr/bin/arm-apple-darwin9-gcc-4.0.1 -c -arch armv6 -pipe -std=c99 -isysroot /Developer/Platforms/iPhoneOS.platform/Developer/SDKs/iPhoneOS2.0.sdk -I/Users/rose/local/audioqueue -DAVAILABLE_MAC_OS_X_VERSION_10_5_AND_LATER= conftest.c >&5
configure:22117: $? = 0
configure:22132: result: yes
configure:22144: checking for size_t
configure:22174: /Developer/Platforms/iPhoneOS.platform/Developer/usr/bin/arm-apple-darwin9-gcc-4.0.1 -c -arch armv6 -pipe -std=c99 -isysroot /Developer/Platforms/iPhoneOS.platform/Developer/SDKs/iPhoneOS2.0.sdk -I/Users/rose/local/audioqueue -DAVAILABLE_MAC_OS_X_VERSION_10_5_AND_LATER= conftest.c >&5
configure:22180: $? = 0
configure:22195: result: yes
configure:22208: checking if compiler understands the signed keyword
configure:22241: /Developer/Platforms/iPhoneOS.platform/Developer/usr/bin/arm-apple-darwin9-gcc-4.0.1 -c -arch armv6 -pipe -std=c99 -isysroot /Developer/Platforms/iPhoneOS.platform/Developer/SDKs/iPhoneOS2.0.sdk -I/Users/rose/local/audioqueue -DAVAILABLE_MAC_OS_X_VERSION_10_5_AND_LATER= conftest.c >&5
configure:22247: $? = 0
configure:22268: result: yes
configure:22287: checking for setenv
configure:22343: /Developer/Platforms/iPhoneOS.platform/Developer/usr/bin/arm-apple-darwin9-gcc-4.0.1 -o conftest -arch armv6 -pipe -std=c99 -isysroot /Developer/Platforms/iPhoneOS.platform/Developer/SDKs/iPhoneOS2.0.sdk -I/Users/rose/local/audioqueue -DAVAILABLE_MAC_OS_X_VERSION_10_5_AND_LATER= -framework AudioToolbox conftest.c  >&5
configure:22349: $? = 0
configure:22367: result: yes
configure:22287: checking for snprintf
configure:22343: /Developer/Platforms/iPhoneOS.platform/Developer/usr/bin/arm-apple-darwin9-gcc-4.0.1 -o conftest -arch armv6 -pipe -std=c99 -isysroot /Developer/Platforms/iPhoneOS.platform/Developer/SDKs/iPhoneOS2.0.sdk -I/Users/rose/local/audioqueue -DAVAILABLE_MAC_OS_X_VERSION_10_5_AND_LATER= -framework AudioToolbox conftest.c  >&5
conftest.c:53: warning: conflicting types for built-in function 'snprintf'
configure:22349: $? = 0
configure:22367: result: yes
configure:22287: checking for srandom
configure:22343: /Developer/Platforms/iPhoneOS.platform/Developer/usr/bin/arm-apple-darwin9-gcc-4.0.1 -o conftest -arch armv6 -pipe -std=c99 -isysroot /Developer/Platforms/iPhoneOS.platform/Developer/SDKs/iPhoneOS2.0.sdk -I/Users/rose/local/audioqueue -DAVAILABLE_MAC_OS_X_VERSION_10_5_AND_LATER= -framework AudioToolbox conftest.c  >&5
configure:22349: $? = 0
configure:22367: result: yes
configure:22383: checking for strcasecmp
configure:22439: /Developer/Platforms/iPhoneOS.platform/Developer/usr/bin/arm-apple-darwin9-gcc-4.0.1 -o conftest -arch armv6 -pipe -std=c99 -isysroot /Developer/Platforms/iPhoneOS.platform/Developer/SDKs/iPhoneOS2.0.sdk -I/Users/rose/local/audioqueue -DAVAILABLE_MAC_OS_X_VERSION_10_5_AND_LATER= -framework AudioToolbox conftest.c  >&5
configure:22445: $? = 0
configure:22463: result: yes
configure:22383: checking for strdup
configure:22439: /Developer/Platforms/iPhoneOS.platform/Developer/usr/bin/arm-apple-darwin9-gcc-4.0.1 -o conftest -arch armv6 -pipe -std=c99 -isysroot /Developer/Platforms/iPhoneOS.platform/Developer/SDKs/iPhoneOS2.0.sdk -I/Users/rose/local/audioqueue -DAVAILABLE_MAC_OS_X_VERSION_10_5_AND_LATER= -framework AudioToolbox conftest.c  >&5
configure:22445: $? = 0
configure:22463: result: yes
configure:22383: checking for strstr
configure:22439: /Developer/Platforms/iPhoneOS.platform/Developer/usr/bin/arm-apple-darwin9-gcc-4.0.1 -o conftest -arch armv6 -pipe -std=c99 -isysroot /Developer/Platforms/iPhoneOS.platform/Developer/SDKs/iPhoneOS2.0.sdk -I/Users/rose/local/audioqueue -DAVAILABLE_MAC_OS_X_VERSION_10_5_AND_LATER= -framework AudioToolbox conftest.c  >&5
conftest.c:57: warning: conflicting types for built-in function 'strstr'
configure:22445: $? = 0
configure:22463: result: yes
configure:23685: checking if RTLD_GLOBAL is defined
configure:23711: /Developer/Platforms/iPhoneOS.platform/Developer/usr/bin/arm-apple-darwin9-gcc-4.0.1 -c -arch armv6 -pipe -std=c99 -isysroot /Developer/Platforms/iPhoneOS.platform/Developer/SDKs/iPhoneOS2.0.sdk -I/Users/rose/local/audioqueue -DAVAILABLE_MAC_OS_X_VERSION_10_5_AND_LATER= conftest.c >&5
configure:23717: $? = 0
configure:23732: result: yes
configure:23752: checking if inlining functions is safe
configure:23810: result: no
configure:23830: checking if compiler is pgcc
configure:23838: result: no
configure:24025: creating ./config.status

## ---------------------- ##
## Running config.status. ##
## ---------------------- ##

This file was extended by config.status, which was
generated by GNU Autoconf 2.61.  Invocation command line was

  CONFIG_FILES    = 
  CONFIG_HEADERS  = 
  CONFIG_LINKS    = 
  CONFIG_COMMANDS = 
  $ ./config.status 

on ProMonkie.local

config.status:705: creating libmikmod-config
config.status:705: creating libmikmod.spec
config.status:705: creating Makefile
config.status:705: creating docs/Makefile
config.status:705: creating docs/libmikmod-config.1
config.status:705: creating dlapi/Makefile
config.status:705: creating drivers/Makefile
config.status:705: creating include/Makefile
config.status:705: creating include/mikmod.h
config.status:705: creating include/mikmod_build.h
config.status:705: creating libmikmod/Makefile
config.status:845: WARNING:  libmikmod/Makefile.in seems to ignore the --datarootdir setting
config.status:705: creating loaders/Makefile
config.status:705: creating mmio/Makefile
config.status:705: creating playercode/Makefile
config.status:705: creating posix/Makefile
config.status:705: creating macintosh/Makefile
config.status:705: creating macintosh/mikmod.h
config.status:705: creating macintosh/_libmikmodversion.r
config.status:705: creating macosx/mikmod.h
config.status:705: creating macosx/Info-Carbon_Framework.plist
config.status:705: creating macosx/Info-CoreAudio_Framework.plist
config.status:705: creating os2/Makefile
config.status:705: creating dos/Makefile
config.status:705: creating dos/include/Makefile
config.status:705: creating dos/src/Makefile
config.status:705: creating win32/Makefile
config.status:705: creating config.h
config.status:996: executing depfiles commands
config.status:996: executing default commands

## ---------------- ##
## Cache variables. ##
## ---------------- ##

ac_cv_build=i686-apple-darwin9.4.0
ac_cv_c_compiler_gnu=yes
ac_cv_c_const=yes
ac_cv_cxx_compiler_gnu=yes
ac_cv_env_CCC_set=
ac_cv_env_CCC_value=
ac_cv_env_CC_set=set
ac_cv_env_CC_value=/Developer/Platforms/iPhoneOS.platform/Developer/usr/bin/arm-apple-darwin9-gcc-4.0.1
ac_cv_env_CFLAGS_set=set
ac_cv_env_CFLAGS_value='-arch armv6 -pipe -std=c99 -isysroot /Developer/Platforms/iPhoneOS.platform/Developer/SDKs/iPhoneOS2.0.sdk'
ac_cv_env_CPPFLAGS_set=set
ac_cv_env_CPPFLAGS_value='-I/Users/rose/local/audioqueue -DAVAILABLE_MAC_OS_X_VERSION_10_5_AND_LATER='
ac_cv_env_CPP_set=set
ac_cv_env_CPP_value=/Developer/Platforms/iPhoneOS.platform/Developer/usr/bin/cpp
ac_cv_env_CXXCPP_set=
ac_cv_env_CXXCPP_value=
ac_cv_env_CXXFLAGS_set=
ac_cv_env_CXXFLAGS_value=
ac_cv_env_CXX_set=
ac_cv_env_CXX_value=
ac_cv_env_F77_set=
ac_cv_env_F77_value=
ac_cv_env_FFLAGS_set=
ac_cv_env_FFLAGS_value=
ac_cv_env_LDFLAGS_set=set
ac_cv_env_LDFLAGS_value='-framework AudioToolbox'
ac_cv_env_LIBS_set=
ac_cv_env_LIBS_value=
ac_cv_env_build_alias_set=
ac_cv_env_build_alias_value=
ac_cv_env_host_alias_set=set
ac_cv_env_host_alias_value=arm-apple-darwin
ac_cv_env_target_alias_set=
ac_cv_env_target_alias_value=
ac_cv_f77_compiler_gnu=no
ac_cv_func_setenv=yes
ac_cv_func_snprintf=yes
ac_cv_func_srandom=yes
ac_cv_func_strcasecmp=yes
ac_cv_func_strdup=yes
ac_cv_func_strstr=yes
ac_cv_header_AF_AFlib_h=no
ac_cv_header_AudioQueue_h=no
ac_cv_header_dlfcn_h=yes
ac_cv_header_fcntl_h=yes
ac_cv_header_inttypes_h=yes
ac_cv_header_malloc_h=no
ac_cv_header_memory_h=yes
ac_cv_header_stdc=yes
ac_cv_header_stdint_h=yes
ac_cv_header_stdlib_h=yes
ac_cv_header_string_h=yes
ac_cv_header_strings_h=yes
ac_cv_header_sys_ioctl_h=yes
ac_cv_header_sys_stat_h=yes
ac_cv_header_sys_types_h=yes
ac_cv_header_sys_wait_h=yes
ac_cv_header_unistd_h=yes
ac_cv_host=arm-apple-darwin
ac_cv_lib_c_dlopen=yes
ac_cv_objext=o
ac_cv_path_EGREP='/usr/bin/grep -E'
ac_cv_path_GREP=/usr/bin/grep
ac_cv_path_install='/usr/bin/install -c'
ac_cv_prog_AR=/Developer/Platforms/iPhoneOS.platform/Developer/usr/bin/ar
ac_cv_prog_AWK=awk
ac_cv_prog_CC=/Developer/Platforms/iPhoneOS.platform/Developer/usr/bin/arm-apple-darwin9-gcc-4.0.1
ac_cv_prog_CPP=/Developer/Platforms/iPhoneOS.platform/Developer/usr/bin/cpp
ac_cv_prog_CXXCPP='g++ -E'
ac_cv_prog_RANLIB=arm-apple-darwin-ranlib
ac_cv_prog_STRIP=strip
ac_cv_prog_ac_ct_CXX=g++
ac_cv_prog_ac_ct_STRIP=strip
ac_cv_prog_cc_c89=
ac_cv_prog_cc_g=yes
ac_cv_prog_cxx_g=yes
ac_cv_prog_f77_g=no
ac_cv_prog_gcc_traditional=no
ac_cv_prog_make_make_set=yes
ac_cv_type_pid_t=yes
ac_cv_type_size_t=yes
am_cv_CC_dependencies_compiler_type=none
am_cv_CXX_dependencies_compiler_type=none
libmikmod_cv_decl_rtld_global=yes
libmikmod_cv_dynload_underscores=no
libmikmod_cv_gcc_inline_safe=no
libmikmod_cv_gcc_pthread=yes
libmikmod_cv_gcc_signed=yes
libmikmod_cv_makeinfo_html=yes
lt_cv_deplibs_check_method=pass_all
lt_cv_file_magic_cmd='$MAGIC_CMD'
lt_cv_file_magic_test_file=
lt_cv_ld_reload_flag=-r
lt_cv_objdir=.libs
lt_cv_path_LD=/Developer/Platforms/iPhoneOS.platform/Developer/usr/libexec/gcc/arm-apple-darwin9/4.0.1/ld
lt_cv_path_LDCXX=/Developer/Platforms/iPhoneOS.platform/Developer/usr/libexec/gcc/arm-apple-darwin9/4.0.1/ld
lt_cv_path_NM=nm
lt_cv_path_SED=/usr/bin/sed
lt_cv_prog_compiler_c_o=yes
lt_cv_prog_compiler_c_o_CXX=yes
lt_cv_prog_compiler_rtti_exceptions=no
lt_cv_prog_gnu_ld=no
lt_cv_prog_gnu_ldcxx=no
lt_cv_sys_global_symbol_pipe='sed -n -e '\''s/^.*[ 	]\([BCDEGRST][BCDEGRST]*\)[ 	][ 	]*_\([_A-Za-z][_A-Za-z0-9]*\)$/\1 _\2 \2/p'\'''
lt_cv_sys_global_symbol_to_c_name_address='sed -n -e '\''s/^: \([^ ]*\) $/  {\"\1\", (lt_ptr) 0},/p'\'' -e '\''s/^[BCDEGRST] \([^ ]*\) \([^ ]*\)$/  {"\2", (lt_ptr) \&\2},/p'\'''
lt_cv_sys_global_symbol_to_cdecl='sed -n -e '\''s/^. .* \(.*\)$/extern int \1;/p'\'''
lt_cv_sys_max_cmd_len=196608
lt_lt_cv_prog_compiler_c_o='"yes"'
lt_lt_cv_prog_compiler_c_o_CXX='"yes"'
lt_lt_cv_sys_global_symbol_pipe='"sed -n -e '\''s/^.*[ 	]\\([BCDEGRST][BCDEGRST]*\\)[ 	][ 	]*_\\([_A-Za-z][_A-Za-z0-9]*\\)\$/\\1 _\\2 \\2/p'\''"'
lt_lt_cv_sys_global_symbol_to_c_name_address='"sed -n -e '\''s/^: \\([^ ]*\\) \$/  {\\\"\\1\\\", (lt_ptr) 0},/p'\'' -e '\''s/^[BCDEGRST] \\([^ ]*\\) \\([^ ]*\\)\$/  {\"\\2\", (lt_ptr) \\&\\2},/p'\''"'
lt_lt_cv_sys_global_symbol_to_cdecl='"sed -n -e '\''s/^. .* \\(.*\\)\$/extern int \\1;/p'\''"'

## ----------------- ##
## Output variables. ##
## ----------------- ##

ACLOCAL='aclocal-1.10'
AMDEPBACKSLASH='\'
AMDEP_FALSE='#'
AMDEP_TRUE=''
AMTAR='tar'
AR='/Developer/Platforms/iPhoneOS.platform/Developer/usr/bin/ar'
AUTOCONF='autoconf'
AUTOHEADER='autoheader'
AUTOMAKE='automake-1.10'
AWK='awk'
BETA_RELEASE='2'
CC='/Developer/Platforms/iPhoneOS.platform/Developer/usr/bin/arm-apple-darwin9-gcc-4.0.1'
CCDEPMODE='depmode=none'
CFLAGS='-arch armv6 -pipe -std=c99 -isysroot /Developer/Platforms/iPhoneOS.platform/Developer/SDKs/iPhoneOS2.0.sdk -fno-strength-reduce -funroll-loops -ffast-math -Wall'
CPP='/Developer/Platforms/iPhoneOS.platform/Developer/usr/bin/cpp'
CPPFLAGS='-I/Users/rose/local/audioqueue -DAVAILABLE_MAC_OS_X_VERSION_10_5_AND_LATER='
CXX='g++'
CXXCPP='g++ -E'
CXXDEPMODE='depmode=none'
CXXFLAGS='-g -O2'
CYGPATH_W='echo'
DEFS='-DHAVE_CONFIG_H'
DEPDIR='.deps'
DLOBJS=''
DOES_NOT_HAVE_SIGNED=''
ECHO='/bin/echo'
ECHO_C='ECHO_N=''
ECHO_T=''
EGREP='/usr/bin/grep -E'
EXEEXT=''
F77=''
FFLAGS=''
GREP='/usr/bin/grep'
INSTALL_DATA='${INSTALL} -m 644'
INSTALL_PROGRAM='${INSTALL}'
INSTALL_SCRIPT='${INSTALL}'
INSTALL_STRIP_PROGRAM='$(install_sh) -c -s'
IS_BETA='1'
LDFLAGS='-framework AudioToolbox'
LIBMIKMOD_MAJOR_VERSION='3'
LIBMIKMOD_MICRO_VERSION='0'
LIBMIKMOD_MINOR_VERSION='2'
LIBMIKMOD_VERSION='3.2.0b2'
LIBOBJS=''
LIBRARY_LIB=' -framework CoreAudio '
LIBS=''
LIBTOOL='$(SHELL) $(top_builddir)/libtool'
LIB_LDADD=''
LN_S='ln -s'
LTLIBOBJS=''
MAINT='#'
MAINTAINER_MODE_FALSE=''
MAINTAINER_MODE_TRUE='#'
MAKEINFO='makeinfo --no-split'
OBJEXT='o'
PACKAGE='libmikmod'
PACKAGE_BUGREPORT=''
PACKAGE_NAME=''
PACKAGE_STRING=''
PACKAGE_TARNAME=''
PACKAGE_VERSION=''
PATH_SEPARATOR=':'
PLAYER_LIB=''
RANLIB='arm-apple-darwin-ranlib'
REENTRANT=''
SET_MAKE=''
SHELL='/bin/sh'
SPEC_PRERELEASE='-beta2'
SPEC_RELEASE='0.2beta2'
STRIP='strip'
VERSION='3.2.0b2'
ac_ct_CC=''
ac_ct_CXX='g++'
ac_ct_F77=''
am__fastdepCC_FALSE=''
am__fastdepCC_TRUE='#'
am__fastdepCXX_FALSE=''
am__fastdepCXX_TRUE='#'
am__include='include'
am__isrc=''
am__leading_dot='.'
am__quote=''
am__tar='${AMTAR} chof - "$$tardir"'
am__untar='${AMTAR} xf -'
bindir='${exec_prefix}/bin'
build='i686-apple-darwin9.4.0'
build_alias=''
build_cpu='i686'
build_os='darwin9.4.0'
build_vendor='apple'
datadir='${datarootdir}'
datarootdir='${prefix}/share'
docdir='${datarootdir}/doc/${PACKAGE}'
dvidir='${docdir}'
exec_prefix='${prefix}'
host='arm-apple-darwin'
host_alias='arm-apple-darwin'
host_cpu='arm'
host_os='darwin'
host_vendor='apple'
htmldir='${docdir}'
includedir='${prefix}/include'
infodir='${datarootdir}/info'
install_sh='$(SHELL) /Users/rose/src/libmikmod-3.2.0-beta2/install-sh'
libdir='${exec_prefix}/lib'
libexecdir='${exec_prefix}/libexec'
localedir='${datarootdir}/locale'
localstatedir='${prefix}/var'
mandir='${datarootdir}/man'
mkdir_p='$(top_builddir)/./install-sh -c -d'
oldincludedir='/usr/include'
pdfdir='${docdir}'
prefix='/Users/rose/local/mikmod-iphone'
program_transform_name='s,x,x,'
psdir='${docdir}'
sbindir='${exec_prefix}/sbin'
sharedstatedir='${prefix}/com'
sysconfdir='${prefix}/etc'
target_alias=''

## ----------- ##
## confdefs.h. ##
## ----------- ##

#define PACKAGE_NAME ""
#define PACKAGE_TARNAME ""
#define PACKAGE_VERSION ""
#define PACKAGE_STRING ""
#define PACKAGE_BUGREPORT ""
#define PACKAGE "libmikmod"
#define VERSION "3.2.0b2"
#define STDC_HEADERS 1
#define HAVE_SYS_TYPES_H 1
#define HAVE_SYS_STAT_H 1
#define HAVE_STDLIB_H 1
#define HAVE_STRING_H 1
#define HAVE_MEMORY_H 1
#define HAVE_STRINGS_H 1
#define HAVE_INTTYPES_H 1
#define HAVE_STDINT_H 1
#define HAVE_UNISTD_H 1
#define HAVE_DLFCN_H 1
#define HAVE_DLFCN_H 1
#define STDC_HEADERS 1
#define HAVE_SYS_WAIT_H 1
#define HAVE_FCNTL_H 1
#define HAVE_MEMORY_H 1
#define HAVE_STRINGS_H 1
#define HAVE_SYS_IOCTL_H 1
#define HAVE_UNISTD_H 1
#define HAVE_SETENV 1
#define HAVE_SNPRINTF 1
#define HAVE_SRANDOM 1
#define HAVE_STRCASECMP 1
#define HAVE_STRDUP 1
#define HAVE_STRSTR 1
#define DRV_PIPE 1
#define DRV_AIFF 1
#define DRV_OSX 1
#define MIKMOD_DYNAMIC 1
#define HAVE_RTLD_GLOBAL 1

configure: exit 0
